# lattice-depth-per-frame "ark:gunzip -c /home/sant1ago/Downloads/musc-demixing/data/tmp/lyric_seperation/perfect/decode_results/lat.1.gz|" "ark,t:|gzip -c > /home/sant1ago/Downloads/musc-demixing/data/tmp/lyric_seperation/perfect/decode_results/depth_tmp.1.gz" ark:- | lattice-best-path --acoustic-scale=0.1 ark:- ark:/dev/null "ark,t:|gzip -c >/home/sant1ago/Downloads/musc-demixing/data/tmp/lyric_seperation/perfect/decode_results/ali_tmp.1.gz" 
# Started at Wed Jun 22 01:57:06 +07 2022
#
lattice-best-path --acoustic-scale=0.1 ark:- ark:/dev/null 'ark,t:|gzip -c >/home/sant1ago/Downloads/musc-demixing/data/tmp/lyric_seperation/perfect/decode_results/ali_tmp.1.gz' 
lattice-depth-per-frame 'ark:gunzip -c /home/sant1ago/Downloads/musc-demixing/data/tmp/lyric_seperation/perfect/decode_results/lat.1.gz|' 'ark,t:|gzip -c > /home/sant1ago/Downloads/musc-demixing/data/tmp/lyric_seperation/perfect/decode_results/depth_tmp.1.gz' ark:- 
LOG (lattice-best-path[5.5.0~1-ac29]:main():lattice-best-path.cc:99) For utterance vocals-000, best cost 270.722 + -1040.97 = -770.25 over 337 frames.
LOG (lattice-best-path[5.5.0~1-ac29]:main():lattice-best-path.cc:99) For utterance vocals-001, best cost 318.806 + -929.589 = -610.783 over 332 frames.
LOG (lattice-best-path[5.5.0~1-ac29]:main():lattice-best-path.cc:99) For utterance vocals-002, best cost 319.235 + -924.919 = -605.684 over 332 frames.
LOG (lattice-best-path[5.5.0~1-ac29]:main():lattice-best-path.cc:99) For utterance vocals-003, best cost 328.743 + -680.383 = -351.64 over 332 frames.
LOG (lattice-best-path[5.5.0~1-ac29]:main():lattice-best-path.cc:99) For utterance vocals-004, best cost 335.859 + -701.184 = -365.325 over 332 frames.
LOG (lattice-best-path[5.5.0~1-ac29]:main():lattice-best-path.cc:99) For utterance vocals-005, best cost 350.237 + -790.682 = -440.445 over 332 frames.
LOG (lattice-best-path[5.5.0~1-ac29]:main():lattice-best-path.cc:99) For utterance vocals-006, best cost 304.211 + -684.102 = -379.891 over 332 frames.
LOG (lattice-best-path[5.5.0~1-ac29]:main():lattice-best-path.cc:99) For utterance vocals-007, best cost 327.548 + -674.701 = -347.153 over 332 frames.
LOG (lattice-best-path[5.5.0~1-ac29]:main():lattice-best-path.cc:99) For utterance vocals-008, best cost 343.71 + -765.552 = -421.842 over 337 frames.
LOG (lattice-best-path[5.5.0~1-ac29]:main():lattice-best-path.cc:99) For utterance vocals-009, best cost 283.973 + -723.867 = -439.893 over 332 frames.
LOG (lattice-best-path[5.5.0~1-ac29]:main():lattice-best-path.cc:99) For utterance vocals-010, best cost 318.835 + -1103.98 = -785.144 over 332 frames.
LOG (lattice-best-path[5.5.0~1-ac29]:main():lattice-best-path.cc:99) For utterance vocals-011, best cost 333.445 + -827.995 = -494.55 over 332 frames.
LOG (lattice-best-path[5.5.0~1-ac29]:main():lattice-best-path.cc:99) For utterance vocals-012, best cost 328.082 + -846.348 = -518.266 over 332 frames.
LOG (lattice-best-path[5.5.0~1-ac29]:main():lattice-best-path.cc:99) For utterance vocals-013, best cost 346.937 + -652.718 = -305.781 over 332 frames.
LOG (lattice-best-path[5.5.0~1-ac29]:main():lattice-best-path.cc:99) For utterance vocals-014, best cost 302.974 + -618.834 = -315.86 over 332 frames.
LOG (lattice-best-path[5.5.0~1-ac29]:main():lattice-best-path.cc:99) For utterance vocals-015, best cost 334.928 + -684.378 = -349.45 over 332 frames.
LOG (lattice-best-path[5.5.0~1-ac29]:main():lattice-best-path.cc:99) For utterance vocals-016, best cost 309.093 + -786.243 = -477.15 over 337 frames.
LOG (lattice-best-path[5.5.0~1-ac29]:main():lattice-best-path.cc:99) For utterance vocals-017, best cost 341.548 + -787.572 = -446.024 over 332 frames.
LOG (lattice-best-path[5.5.0~1-ac29]:main():lattice-best-path.cc:99) For utterance vocals-018, best cost 347.447 + -592.733 = -245.285 over 332 frames.
LOG (lattice-best-path[5.5.0~1-ac29]:main():lattice-best-path.cc:99) For utterance vocals-019, best cost 274.342 + -865.516 = -591.173 over 332 frames.
LOG (lattice-best-path[5.5.0~1-ac29]:main():lattice-best-path.cc:99) For utterance vocals-020, best cost 276.759 + -549.666 = -272.907 over 332 frames.
LOG (lattice-best-path[5.5.0~1-ac29]:main():lattice-best-path.cc:99) For utterance vocals-021, best cost 299.954 + -693.43 = -393.476 over 332 frames.
LOG (lattice-best-path[5.5.0~1-ac29]:main():lattice-best-path.cc:99) For utterance vocals-022, best cost 346.935 + -727.678 = -380.742 over 332 frames.
LOG (lattice-best-path[5.5.0~1-ac29]:main():lattice-best-path.cc:99) For utterance vocals-023, best cost 333.488 + -634.951 = -301.463 over 332 frames.
LOG (lattice-best-path[5.5.0~1-ac29]:main():lattice-best-path.cc:99) For utterance vocals-024, best cost 291.169 + -804.154 = -512.985 over 337 frames.
LOG (lattice-best-path[5.5.0~1-ac29]:main():lattice-best-path.cc:99) For utterance vocals-025, best cost 236.812 + -1511.11 = -1274.29 over 332 frames.
LOG (lattice-best-path[5.5.0~1-ac29]:main():lattice-best-path.cc:99) For utterance vocals-026, best cost 243.058 + -1374.95 = -1131.89 over 332 frames.
LOG (lattice-best-path[5.5.0~1-ac29]:main():lattice-best-path.cc:99) For utterance vocals-027, best cost 236.812 + -946.982 = -710.17 over 332 frames.
LOG (lattice-best-path[5.5.0~1-ac29]:main():lattice-best-path.cc:99) For utterance vocals-028, best cost 272.14 + -545.164 = -273.023 over 332 frames.
LOG (lattice-best-path[5.5.0~1-ac29]:main():lattice-best-path.cc:99) For utterance vocals-029, best cost 345.235 + -525.293 = -180.057 over 332 frames.
LOG (lattice-best-path[5.5.0~1-ac29]:main():lattice-best-path.cc:99) For utterance vocals-030, best cost 363.112 + -595.628 = -232.516 over 332 frames.
LOG (lattice-depth-per-frame[5.5.0~1-ac29]:main():lattice-depth-per-frame.cc:82) Done 32 lattices.
LOG (lattice-best-path[5.5.0~1-ac29]:main():lattice-best-path.cc:99) For utterance vocals-031, best cost 155.968 + -312.845 = -156.877 over 141 frames.
LOG (lattice-best-path[5.5.0~1-ac29]:main():lattice-best-path.cc:124) Overall cost per frame is -1.44284 = 0.939646 [graph] + -2.38248 [acoustic] over 10453 frames.
LOG (lattice-best-path[5.5.0~1-ac29]:main():lattice-best-path.cc:128) Done 32 lattices, failed for 0
# Accounting: time=0 threads=1
# Ended (code 0) at Wed Jun 22 01:57:06 +07 2022, elapsed time 0 seconds
