# gunzip -c /home/sant1ago/Downloads/musc-demixing/data/tmp/lyric_seperation/beatiful/decode_results/depth_tmp.*.gz | steps/diagnostic/analyze_lattice_depth_stats.py exp/chain_cleaned/tdnn_1d_sp/graph_tgsmall /home/sant1ago/Downloads/musc-demixing/data/tmp/lyric_seperation/beatiful/decode_results/ali_frame_tmp.gz 
# Started at Wed Jun 22 02:01:43 +07 2022
#
The total amount of data analyzed assuming 100 frames per second is 0.0 hours
Overall, lattice depth (10,50,90-percentile)=(17,148,1011) and mean=323.3
Nonsilence phones as a group account for 64.4% of frames, with lattice depth (10,50,90-percentile)=(23,175,963) and mean=349.0
Phone SIL accounts for 35.6% of frames, with lattice depth (10,50,90-percentile)=(1,95,1186) and mean=276.7
Phone UW1_E accounts for 3.8% of frames, with lattice depth (10,50,90-percentile)=(31,192,601) and mean=262.0
Phone OW1_E accounts for 3.6% of frames, with lattice depth (10,50,90-percentile)=(26,62,191) and mean=99.7
Phone AA1_S accounts for 3.2% of frames, with lattice depth (10,50,90-percentile)=(54,67,208) and mean=122.5
Phone AA1_E accounts for 2.9% of frames, with lattice depth (10,50,90-percentile)=(8,78,1127) and mean=326.4
Phone AY1_S accounts for 2.9% of frames, with lattice depth (10,50,90-percentile)=(69,397,765) and mean=393.4
Phone EH1_S accounts for 2.4% of frames, with lattice depth (10,50,90-percentile)=(17,139,578) and mean=199.3
Phone EH1_I accounts for 2.0% of frames, with lattice depth (10,50,90-percentile)=(23,163,1039) and mean=295.9
Phone Y_B accounts for 2.0% of frames, with lattice depth (10,50,90-percentile)=(38,184,1244) and mean=500.4
Phone IY1_E accounts for 1.7% of frames, with lattice depth (10,50,90-percentile)=(91,182,436) and mean=235.0
Phone ER1_I accounts for 1.6% of frames, with lattice depth (10,50,90-percentile)=(8,92,401) and mean=435.1
Phone AH0_E accounts for 1.5% of frames, with lattice depth (10,50,90-percentile)=(80,543,543) and mean=394.8
Phone Z_E accounts for 1.4% of frames, with lattice depth (10,50,90-percentile)=(18,250,1011) and mean=388.8
Phone S_B accounts for 1.3% of frames, with lattice depth (10,50,90-percentile)=(18,124,1120) and mean=351.6
Phone R_E accounts for 1.2% of frames, with lattice depth (10,50,90-percentile)=(48,317,1070) and mean=458.7
Phone HH_B accounts for 1.2% of frames, with lattice depth (10,50,90-percentile)=(18,124,813) and mean=243.1
Phone ER1_E accounts for 1.2% of frames, with lattice depth (10,50,90-percentile)=(134,320,1433) and mean=444.6
Phone L_E accounts for 1.2% of frames, with lattice depth (10,50,90-percentile)=(8,148,374) and mean=173.5
Phone L_B accounts for 1.1% of frames, with lattice depth (10,50,90-percentile)=(20,239,579) and mean=260.7
Phone R_B accounts for 1.1% of frames, with lattice depth (10,50,90-percentile)=(21,240,1039) and mean=490.7
Phone R_I accounts for 1.1% of frames, with lattice depth (10,50,90-percentile)=(8,129,1021) and mean=383.0
Phone N_E accounts for 1.1% of frames, with lattice depth (10,50,90-percentile)=(70,262,1066) and mean=491.8
Phone EY1_E accounts for 1.0% of frames, with lattice depth (10,50,90-percentile)=(44,970,1125) and mean=798.3
Phone M_B accounts for 0.9% of frames, with lattice depth (10,50,90-percentile)=(41,133,573) and mean=201.9
Phone AH1_I accounts for 0.9% of frames, with lattice depth (10,50,90-percentile)=(14,226,416) and mean=210.7
Phone AE1_I accounts for 0.8% of frames, with lattice depth (10,50,90-percentile)=(6,98,1284) and mean=375.1
Phone W_B accounts for 0.8% of frames, with lattice depth (10,50,90-percentile)=(9,160,1392) and mean=374.5
Phone IH1_B accounts for 0.8% of frames, with lattice depth (10,50,90-percentile)=(27,69,373) and mean=155.4
Phone UW1_I accounts for 0.8% of frames, with lattice depth (10,50,90-percentile)=(17,57,435) and mean=154.7
Phone V_E accounts for 0.8% of frames, with lattice depth (10,50,90-percentile)=(11,74,570) and mean=196.6
Phone N_B accounts for 0.7% of frames, with lattice depth (10,50,90-percentile)=(24,83,376) and mean=157.3
Phone AW1_E accounts for 0.7% of frames, with lattice depth (10,50,90-percentile)=(24,315,474) and mean=314.3
Phone IY1_I accounts for 0.7% of frames, with lattice depth (10,50,90-percentile)=(84,162,2350) and mean=705.1
Phone AY1_E accounts for 0.7% of frames, with lattice depth (10,50,90-percentile)=(20,53,107) and mean=66.2
Phone AA1_I accounts for 0.6% of frames, with lattice depth (10,50,90-percentile)=(21,104,536) and mean=198.3
Phone AO1_I accounts for 0.6% of frames, with lattice depth (10,50,90-percentile)=(2,70,1378) and mean=335.9
Phone IH1_I accounts for 0.6% of frames, with lattice depth (10,50,90-percentile)=(6,41,576) and mean=212.0
Phone F_B accounts for 0.6% of frames, with lattice depth (10,50,90-percentile)=(8,149,1010) and mean=346.6
Phone OW1_S accounts for 0.6% of frames, with lattice depth (10,50,90-percentile)=(212,307,608) and mean=418.0
Phone ER0_S accounts for 0.6% of frames, with lattice depth (10,50,90-percentile)=(1034,1415,1463) and mean=1326.3
Phone IY0_E accounts for 0.6% of frames, with lattice depth (10,50,90-percentile)=(43,920,3548) and mean=1489.7
Phone DH_B accounts for 0.5% of frames, with lattice depth (10,50,90-percentile)=(16,151,733) and mean=271.4
# Accounting: time=0 threads=1
# Ended (code 0) at Wed Jun 22 02:01:43 +07 2022, elapsed time 0 seconds
